  Source.cpp
l:\2019repos\lamdafunctions\lamdafunctions\source.cpp(22): warning C4018: '<': signed/unsigned mismatch
l:\2019repos\lamdafunctions\lamdafunctions\sortablevector.h(45): warning C4018: '<': signed/unsigned mismatch
  l:\2019repos\lamdafunctions\lamdafunctions\sortablevector.h(44): note: while compiling class template member function 'void SortableVector<int>::BubbleSort(bool (__cdecl *)(T,T))'
          with
          [
              T=int
          ]
  l:\2019repos\lamdafunctions\lamdafunctions\source.cpp(66): note: see reference to function template instantiation 'void SortableVector<int>::BubbleSort(bool (__cdecl *)(T,T))' being compiled
          with
          [
              T=int
          ]
  l:\2019repos\lamdafunctions\lamdafunctions\source.cpp(44): note: see reference to class template instantiation 'SortableVector<int>' being compiled
l:\2019repos\lamdafunctions\lamdafunctions\sortablevector.h(46): warning C4018: '<': signed/unsigned mismatch
l:\2019repos\lamdafunctions\lamdafunctions\sortablevector.h(33): warning C4018: '<': signed/unsigned mismatch
  l:\2019repos\lamdafunctions\lamdafunctions\sortablevector.h(32): note: while compiling class template member function 'void SortableVector<int>::InsertionSort(bool (__cdecl *)(T,T))'
          with
          [
              T=int
          ]
  l:\2019repos\lamdafunctions\lamdafunctions\source.cpp(60): note: see reference to function template instantiation 'void SortableVector<int>::InsertionSort(bool (__cdecl *)(T,T))' being compiled
          with
          [
              T=int
          ]
  LamdaFunctions.vcxproj -> L:\2019REPOS\LamdaFunctions\Debug\LamdaFunctions.exe
